<component name="libraryTable">
  <library name="junit4">
    <CLASSES>
      <root url="jar://$USER_HOME$/Desktop/Comp6442/2100/junit/junit4.jar!/" />
    </CLASSES>
    <JAVADOC />
    <SOURCES />
  </library>
</component>