<component name="libraryTable">
  <library name="junit4">
    <CLASSES>
      <root url="jar://$USER_HOME$/Desktop/Comp6442/2100/junit/junit4.jar!/" />
      <root url="jar://$USER_HOME$/Desktop/Comp6442/2100/junit/org.hamcrest.core_1.3.0.jar!/" />
    </CLASSES>
    <JAVADOC />
    <SOURCES />
  </library>
</component>